<?xml version="1.0" encoding="UTF-8"?>
<!-- Generated by org.testng.reporters.JUnitXMLReporter -->
<testsuite hostname="Phanisai" name="Default test(failed)" tests="1" failures="1" timestamp="14 Feb 2016 17:59:19 GMT" time="30.398" errors="0">
  <testcase name="Testingprocess" time="30.381" classname="Pack2.Testexcel">
    <failure type="java.lang.NullPointerException">
      <![CDATA[java.lang.NullPointerException
	at jxl.write.biff.File.write(File.java:149)
	at jxl.write.biff.WritableWorkbookImpl.write(WritableWorkbookImpl.java:706)
	at Pack2.Testexcel.Testingprocess(Testexcel.java:123)
... Removed 24 stack frames]]>
    </failure>
  </testcase> <!-- Testingprocess -->
</testsuite> <!-- Default test(failed) -->
